<?xml version="1.0" encoding="UTF-8"?>
<!-- Generated by org.testng.reporters.JUnitReportReporter -->
<testsuite hostname="DESKTOP-H5J83U3" failures="0" tests="3" name="Tests.clickOptionTest" time="135.308" errors="0" timestamp="2025-04-23T17:10:36 IST" skipped="0">
  <testcase classname="Tests.clickOptionTest" name="testLoginWithValidCredentials" time="8.178"/>
  <system-out/>
  <testcase classname="Tests.clickOptionTest" name="ClickLeftBarOptions" time="126.326"/>
  <system-out/>
  <testcase classname="Tests.clickOptionTest" name="logout" time="0.804"/>
  <system-out/>
</testsuite> <!-- Tests.clickOptionTest -->
