<?xml version="1.0" encoding="UTF-8"?>
<!-- Generated by org.testng.reporters.JUnitReportReporter -->
<testsuite hostname="DESKTOP-H5J83U3" failures="0" tests="2" name="Tests.LoginTest2" time="11.426" errors="0" timestamp="2025-04-15T11:55:37 IST" skipped="0">
  <testcase classname="Tests.LoginTest2" name="testLoginWithValidCredentials" time="10.407"/>
  <system-out/>
  <testcase classname="Tests.LoginTest2" name="logout" time="1.019"/>
  <system-out/>
</testsuite> <!-- Tests.LoginTest2 -->
